<?xml version="1.0" encoding="UTF-8"?>
<!-- Generated by org.testng.reporters.JUnitReportReporter -->
<testsuite hostname="TYSS-Shobha" failures="0" tests="1" name="Pratice.CssSelectorTest" time="6.399" errors="0" timestamp="2023-01-31T10:37:50 IST" skipped="0">
  <testcase classname="Pratice.CssSelectorTest" name="CssSelectorTest" time="6.399"/>
  <system-out/>
</testsuite> <!-- Pratice.CssSelectorTest -->
