<?xml version="1.0" encoding="UTF-8"?>
<!-- Generated by org.testng.reporters.JUnitReportReporter -->
<testsuite hostname="TYSS-Shobha" failures="0" tests="1" name="Pratice.FlipKart" time="5.897" errors="0" timestamp="2023-01-20T14:24:39 IST" skipped="0">
  <testcase classname="Pratice.FlipKart" name="FlipKart" time="5.897"/>
  <system-out/>
</testsuite> <!-- Pratice.FlipKart -->
