<?xml version="1.0" encoding="UTF-8"?>
<!-- Generated by org.testng.reporters.JUnitReportReporter -->
<testsuite hostname="TYSS-Shobha" failures="0" tests="1" name="Pratice.EmptyBrowserTest" time="7.004" errors="0" timestamp="2023-01-30T14:42:26 IST" skipped="0">
  <testcase classname="Pratice.EmptyBrowserTest" name="EmptyBrowserTest" time="7.004"/>
  <system-out/>
</testsuite> <!-- Pratice.EmptyBrowserTest -->
