<?xml version="1.0" encoding="UTF-8"?>
<!-- Generated by org.testng.reporters.JUnitReportReporter -->
<testsuite hostname="TYSS-Shobha" failures="0" tests="1" name="Pratice.FlipKartTest" time="4.081" errors="0" timestamp="2023-01-23T14:29:26 IST" skipped="0">
  <testcase classname="Pratice.FlipKartTest" name="FlipKart" time="4.081"/>
  <system-out/>
</testsuite> <!-- Pratice.FlipKartTest -->
