<?xml version="1.0" encoding="UTF-8"?>
<!-- Generated by org.testng.reporters.JUnitReportReporter -->
<testsuite hostname="TYSS-Shobha" failures="0" tests="1" name="Pratice.LoginByParameter" time="8.174" errors="0" timestamp="2023-01-25T14:25:02 IST" skipped="0">
  <testcase classname="Pratice.LoginByParameter" name="LoginToApp" time="8.174"/>
  <system-out/>
</testsuite> <!-- Pratice.LoginByParameter -->
