<?xml version="1.0" encoding="UTF-8"?>
<!-- Generated by org.testng.reporters.JUnitReportReporter -->
<testsuite hostname="TYSS-Shobha" failures="0" tests="1" name="Sample.DemoTest" time="3.784" errors="0" timestamp="2023-01-30T19:06:17 IST" skipped="0">
  <testcase classname="Sample.DemoTest" name="DemoTest" time="3.784"/>
  <system-out/>
</testsuite> <!-- Sample.DemoTest -->
