<?xml version="1.0" encoding="UTF-8"?>
<!-- Generated by org.testng.reporters.JUnitReportReporter -->
<testsuite hostname="TYSS-Shobha" failures="0" tests="1" name="Pratice.Olampics" time="7.727" errors="0" timestamp="2023-02-10T20:02:56 IST" skipped="0">
  <testcase classname="Pratice.Olampics" name="test" time="7.727"/>
  <system-out/>
</testsuite> <!-- Pratice.Olampics -->
