<?xml version="1.0" encoding="UTF-8"?>
<!-- Generated by org.testng.reporters.JUnitReportReporter -->
<testsuite hostname="TYSS-Shobha" failures="0" tests="6" name="Pratice.TestNg" time="0.010" errors="0" timestamp="2023-01-23T15:03:53 IST" skipped="0">
  <testcase classname="Pratice.TestNg" name="modify" time="0.001"/>
  <system-out/>
  <testcase classname="Pratice.TestNg" name="create" time="0.000"/>
  <system-out/>
  <testcase classname="Pratice.TestNg" name="delete" time="0.000"/>
  <system-out/>
  <testcase classname="Pratice.TestNg" name="create" time="0.007"/>
  <system-out/>
  <testcase classname="Pratice.TestNg" name="create" time="0.001"/>
  <system-out/>
  <testcase classname="Pratice.TestNg" name="create" time="0.001"/>
  <system-out/>
</testsuite> <!-- Pratice.TestNg -->
